make all --print-data-base --no-builtin-variables --no-builtin-rules --question
# GNU Make 4.3
# Built for arm-apple-darwin21.1.0
# Copyright (C) 1988-2020 Free Software Foundation, Inc.
# License GPLv3+: GNU GPL version 3 or later <http://gnu.org/licenses/gpl.html>
# This is free software: you are free to change and redistribute it.
# There is NO WARRANTY, to the extent permitted by law.

# Make data base, printed on Tue Oct 25 09:19:51 2022

# Variables

# environment
LC_ALL = C
# environment
HOMEBREW_PREFIX = /opt/homebrew
# environment
TMPDIR = /var/folders/df/fqx0n27j5sqbm7k0cs9fm4s80000gn/T/
# environment
XPC_SERVICE_NAME = application.com.microsoft.VSCode.34276672.34276680
# environment
VSCODE_CWD = /
# default
MAKE_COMMAND := make
# environment
__CFBundleIdentifier = com.microsoft.VSCode
# automatic
@D = $(patsubst %/,%,$(dir $@))
# environment
PYENV_SHELL = zsh
# environment
VSCODE_HANDLES_UNCAUGHT_ERRORS = true
# default
.VARIABLES := 
# environment
COMMAND_MODE = unix2003
# environment
PWD = /Volumes/Development/iOS Exploits/ipwndfu
# automatic
%D = $(patsubst %/,%,$(dir $%))
# environment
LSCOLORS = Gxfxcxdxbxegedabagacad
# automatic
^D = $(patsubst %/,%,$(dir $^))
# automatic
%F = $(notdir $%)
# environment
VSCODE_CODE_CACHE_PATH = /Users/alfie/Library/Application Support/Code/CachedData/d045a5eda657f4d7b676dedbfa7aab8207f8a075
# environment
LANG = C
# environment
THEOS = /Users/alfie/theos
# default
.LOADED := 
# environment
HOMEBREW_REPOSITORY = /opt/homebrew
# default
.INCLUDE_DIRS = /opt/homebrew/Cellar/make/4.3/include /usr/local/include
# environment
__CF_USER_TEXT_ENCODING = 0x1F5:0:2
# makefile
MAKEFLAGS = pqrR
# environment
PKG_CONFIG_PATH = /Users/alfie/Developer/local/dist/lib/pkgconfig:/opt/homebrew/bin:/Users/alfie/Developer/local/dist/bin:/bin:/opt/homebrew/opt/binutils/bin:/Users/alfie/Library/Python/3.10/bin:/opt/homebrew/opt/make/libexec/gnubin:/Users/alfie/bin:/usr/local/bin:/usr/local/opt/libxml2/bin:/usr/local/opt/libxml2/bin:/usr/local/opt/libxml2/bin:/opt/homebrew/opt/llvm/bin:/opt/homebrew/opt/make/libexec/gnubin:/Library/Frameworks/Python.framework/Versions/2.7/bin:/opt/homebrew/bin:/opt/homebrew/sbin:/Library/Frameworks/Python.framework/Versions/3.10/bin:/usr/local/bin:/System/Cryptexes/App/usr/bin:/usr/bin:/bin:/usr/sbin:/sbin:/usr/local/share/dotnet:~/.dotnet/tools:/Library/Apple/usr/bin:/Library/Frameworks/Mono.framework/Versions/Current/Commands
# makefile
CURDIR := /Volumes/Development/iOS Exploits/ipwndfu
# environment
APPLICATION_INSIGHTS_NO_DIAGNOSTIC_CHANNEL = 1
# automatic
*D = $(patsubst %/,%,$(dir $*))
# environment
MFLAGS = -pqrR
# environment
SSH_AUTH_SOCK = /private/tmp/com.apple.launchd.wiSylSockp/Listeners
# default
.SHELLFLAGS := -c
# automatic
+D = $(patsubst %/,%,$(dir $+))
# makefile (from 'Makefile', line 1)
MAKEFILE_LIST := Makefile
# automatic
@F = $(notdir $@)
# environment
ZSH = /Users/alfie/.oh-my-zsh
 
# environment
VSCODE_PID = 1653
# automatic
?D = $(patsubst %/,%,$(dir $?))
# environment
MallocNanoZone = 0
# automatic
*F = $(notdir $*)
# environment
MANPATH = /opt/homebrew/share/man::
# automatic
<D = $(patsubst %/,%,$(dir $<))
# environment
VSCODE_NLS_CONFIG = {"locale":"en-gb","availableLanguages":{},"_languagePackSupport":true}
# default
MAKE_HOST := arm-apple-darwin21.1.0
# environment
INFOPATH = /opt/homebrew/share/info:
# makefile
SHELL = /bin/sh
# default
MAKECMDGOALS := all
# environment
SHLVL = 1
# environment
MAKELEVEL := 0
# default
MAKE = $(MAKE_COMMAND)
# environment
PATH = /Users/alfie/.pyenv/shims:/opt/homebrew/bin:/Users/alfie/Developer/local/dist/bin:/bin:/opt/homebrew/opt/binutils/bin:/Users/alfie/Library/Python/3.10/bin:/opt/homebrew/opt/make/libexec/gnubin:/Users/alfie/bin:/usr/local/bin:/usr/local/opt/libxml2/bin:/usr/local/opt/libxml2/bin:/usr/local/opt/libxml2/bin:/opt/homebrew/opt/llvm/bin:/opt/homebrew/opt/make/libexec/gnubin:/Library/Frameworks/Python.framework/Versions/2.7/bin:/opt/homebrew/bin:/opt/homebrew/sbin:/Library/Frameworks/Python.framework/Versions/3.10/bin:/usr/local/bin:/System/Cryptexes/App/usr/bin:/usr/bin:/bin:/usr/sbin:/sbin:/usr/local/share/dotnet:~/.dotnet/tools:/Library/Apple/usr/bin:/Library/Frameworks/Mono.framework/Versions/Current/Commands
# default
MAKEFILES := 
# automatic
^F = $(notdir $^)
# automatic
?F = $(notdir $?)
# automatic
+F = $(notdir $+)
# environment
LESS = -R
# environment
ORIGINAL_XDG_CURRENT_DESKTOP = undefined
# environment
PYENV_ROOT = /Users/alfie/.pyenv
# 'override' directive
GNUMAKEFLAGS := 
# environment
LOGNAME = alfie
# environment
XPC_FLAGS = 0x0
# makefile
.DEFAULT_GOAL := all
# environment
USER = alfie
# default
MAKE_VERSION := 4.3
# environment
HOMEBREW_CELLAR = /opt/homebrew/Cellar
# environment
PAGER = less
# environment
_ = /opt/homebrew/opt/make/libexec/gnubin/make
# environment
VSCODE_AMD_ENTRYPOINT = vs/workbench/api/node/extensionHostProcess
# environment
HOME = /Users/alfie
# environment
ELECTRON_RUN_AS_NODE = 1
# environment
VSCODE_IPC_HOOK = /Users/alfie/Library/Application Support/Code/1.72.2-main.sock
# default
.RECIPEPREFIX := 
# automatic
<F = $(notdir $<)
# default
SUFFIXES := 
# default
.FEATURES := target-specific order-only second-expansion else-if shortest-stem undefine oneshell nocomment grouped-target extra-prereqs archives jobserver output-sync check-symlink load
# variable set hash-table stats:
# Load=75/1024=7%, Rehash=0, Collisions=7/106=7%

# Pattern-specific Variable Values

# No pattern-specific variable values.

# Directories

# . (device 16777234, inode 233586): 41 files, no impossibilities.

# 41 files, no impossibilities in 1 directories.

# Implicit Rules

# No implicit rules.

# Files

armv7:
#  Implicit rule search has not been done.
#  Modification time never checked.
#  File has not been updated.
#  recipe to execute (from 'Makefile', line 9):
	arm-none-eabi-as -mthumb --fatal-warnings -o bin/limera1n-shellcode.o src/limera1n-shellcode.S
	arm-none-eabi-objcopy -O binary bin/limera1n-shellcode.o bin/limera1n-shellcode.bin
	rm bin/limera1n-shellcode.o
	arm-none-eabi-as -mthumb --fatal-warnings -o bin/SHAtter-shellcode.o src/SHAtter-shellcode.S
	arm-none-eabi-objcopy -O binary bin/SHAtter-shellcode.o bin/SHAtter-shellcode.bin
	rm bin/SHAtter-shellcode.o
	arm-none-eabi-as -mthumb --fatal-warnings -o bin/24Kpwn-shellcode.o src/24Kpwn-shellcode.S
	arm-none-eabi-objcopy -O binary bin/24Kpwn-shellcode.o bin/24Kpwn-shellcode.bin
	rm bin/24Kpwn-shellcode.o
	arm-none-eabi-as -mthumb --fatal-warnings -o bin/alloc8-shellcode.o src/alloc8-shellcode.S
	arm-none-eabi-objcopy -O binary bin/alloc8-shellcode.o bin/alloc8-shellcode.bin
	rm bin/alloc8-shellcode.o
	arm-none-eabi-as -mthumb --fatal-warnings -o bin/ibss-flash-nor-shellcode.o src/ibss-flash-nor-shellcode.S
	arm-none-eabi-objcopy -O binary bin/ibss-flash-nor-shellcode.o bin/ibss-flash-nor-shellcode.bin
	rm bin/ibss-flash-nor-shellcode.o
	arm-none-eabi-as -mthumb --fatal-warnings -o bin/usb_0xA1_2_armv7.o src/usb_0xA1_2_armv7.S
	arm-none-eabi-objcopy -O binary bin/usb_0xA1_2_armv7.o bin/usb_0xA1_2_armv7.bin
	rm bin/usb_0xA1_2_armv7.o
	arm-none-eabi-as -mthumb --fatal-warnings -o bin/checkm8_armv7.o src/checkm8_armv7.S
	arm-none-eabi-objcopy -O binary bin/checkm8_armv7.o bin/checkm8_armv7.bin
	rm bin/checkm8_armv7.o

# Not a target:
Makefile:
#  Implicit rule search has been done.
#  Last modified 2022-08-26 15:16:34.467522443
#  File has been updated.
#  Successfully updated.

arm64:
#  Implicit rule search has not been done.
#  Modification time never checked.
#  File has not been updated.
#  recipe to execute (from 'Makefile', line 38):
	xcrun -sdk iphoneos clang src/usb_0xA1_2_arm64.S -target arm64-apple-darwin -Wall -o bin/usb_0xA1_2_arm64.o
	gobjcopy -O binary -j .text bin/usb_0xA1_2_arm64.o bin/usb_0xA1_2_arm64.bin
	rm bin/usb_0xA1_2_arm64.o
	xcrun -sdk iphoneos clang src/checkm8_arm64.S -target arm64-apple-darwin -Wall -o bin/checkm8_arm64.o
	gobjcopy -O binary -j .text bin/checkm8_arm64.o bin/checkm8_arm64.bin
	rm bin/checkm8_arm64.o
	xcrun -sdk iphoneos clang src/t8010_t8011_disable_wxn_arm64.S -target arm64-apple-darwin -Wall -o bin/t8010_t8011_disable_wxn_arm64.o
	gobjcopy -O binary -j .text bin/t8010_t8011_disable_wxn_arm64.o bin/t8010_t8011_disable_wxn_arm64.bin
	rm bin/t8010_t8011_disable_wxn_arm64.o
	xcrun -sdk iphoneos clang src/t8015_shellcode_arm64.S -target arm64-apple-darwin -Wall -o bin/t8015_shellcode_arm64.o
	gobjcopy -O binary -j .text bin/t8015_shellcode_arm64.o bin/t8015_shellcode_arm64.bin
	rm bin/t8015_shellcode_arm64.o

# Not a target:
.DEFAULT:
#  Implicit rule search has not been done.
#  Modification time never checked.
#  File has not been updated.

all: armv6 armv7 arm64
#  Command line target.
#  Implicit rule search has been done.
#  File does not exist.
#  File has been updated.
#  Needs to be updated (-q is set).
# variable set hash-table stats:
# Load=0/32=0%, Rehash=0, Collisions=0/3=0%

armv6:
#  Implicit rule search has not been done.
#  Implicit/static pattern stem: ''
#  File does not exist.
#  File has been updated.
#  Needs to be updated (-q is set).
# automatic
# @ := armv6
# automatic
# * := 
# automatic
# < := 
# automatic
# + := 
# automatic
# % := 
# automatic
# ^ := 
# automatic
# ? := 
# automatic
# | := 
# variable set hash-table stats:
# Load=8/32=25%, Rehash=0, Collisions=1/11=9%
#  recipe to execute (from 'Makefile', line 4):
	arm-none-eabi-as -march=armv6 -mthumb --fatal-warnings -o bin/steaks4uce-shellcode.o src/steaks4uce-shellcode.S
	arm-none-eabi-objcopy -O binary bin/steaks4uce-shellcode.o bin/steaks4uce-shellcode.bin
	rm bin/steaks4uce-shellcode.o

# Not a target:
.SUFFIXES:
#  Implicit rule search has not been done.
#  Modification time never checked.
#  File has not been updated.

# files hash-table stats:
# Load=7/1024=1%, Rehash=0, Collisions=0/25=0%
# VPATH Search Paths

# No 'vpath' search paths.

# No general ('VPATH' variable) search path.

# strcache buffers: 1 (0) / strings = 49 / storage = 545 B / avg = 11 B
# current buf: size = 8162 B / used = 545 B / count = 49 / avg = 11 B

# strcache performance: lookups = 61 / hit rate = 19%
# hash-table stats:
# Load=49/8192=1%, Rehash=0, Collisions=0/61=0%
# Finished Make data base on Tue Oct 25 09:19:51 2022

 
